<?xml version="1.0" encoding="UTF-8" ?>
<testsuite tests="4" failures="0" name="cucumber.Options.TestRunner" time="9.256" errors="0" skipped="0">
  <properties>
[...]
</properties>
  <testcase classname="Validating various Jira Cloud functionalites" name="Verify if user is able to create a project" time="3.058"/>
  <testcase classname="Validating various Jira Cloud functionalites" name="Verify if user is able to create a task for a project" time="1.866"/>
  <testcase classname="Validating various Jira Cloud functionalites" name="Verify if user is able to post a comment for a task" time="2.207"/>
  <testcase classname="Validating various Jira Cloud functionalites" name="Verify if user is able to update a comment for a task" time="2.125"/>
</testsuite>